<!DOCTYPE html PUBLIC "-//W3C//DTD XHTML 1.1//EN" "https://www.w3.org/TR/xhtml11/DTD/xhtml11.dtd">
<html xmlns="https://www.w3.org/1999/xhtml">
<head>
<meta http-equiv="content-type" content="text/html; charset=UTF-8"/>
<title>TestNG Report</title>
<style type="text/css">table {margin-bottom:10px;border-collapse:collapse;empty-cells:show}th,td {border:1px solid #009;padding:.25em .5em}th {vertical-align:bottom}td {vertical-align:top}table a {font-weight:bold}.stripe td {background-color: #E6EBF9}.num {text-align:right}.passedodd td {background-color: #3F3}.passedeven td {background-color: #0A0}.skippedodd td {background-color: #DDD}.skippedeven td {background-color: #CCC}.failedodd td,.attn {background-color: #F33}.failedeven td,.stripe .attn {background-color: #D00}.stacktrace {white-space:pre;font-family:monospace}.totop {font-size:85%;text-align:center;border-bottom:2px solid #000}.invisible {display:none}</style>
</head>
<body>
<table>
<tr><th>Test</th><th># Passed</th><th># Skipped</th><th># Retried</th><th># Failed</th><th>Time (ms)</th><th>Included Groups</th><th>Excluded Groups</th></tr>
<tr><th colspan="8">Suite</th></tr>
<tr><td><a href="#t0">Test</a></td><td class="num">1</td><td class="num">0</td><td class="num">0</td><td class="num attn">6</td><td class="num">530,472</td><td></td><td></td></tr>
</table>
<table id='summary'><thead><tr><th>Class</th><th>Method</th><th>Start</th><th>Time (ms)</th></tr></thead><tbody><tr><th colspan="4">Suite</th></tr></tbody><tbody id="t0"><tr><th colspan="4">Test &#8212; failed</th></tr><tr class="failedeven"><td rowspan="1">com.framework.testCases.TC_002_SearchProduct</td><td><a href="#m0">searchProduct</a></td><td rowspan="1">1674922621659</td><td rowspan="1">76835</td></tr><tr class="failedodd"><td rowspan="1">com.framework.testCases.TC_003_AllDropdown</td><td><a href="#m1">check_dropdown_All</a></td><td rowspan="1">1674922702363</td><td rowspan="1">76483</td></tr><tr class="failedeven"><td rowspan="1">com.framework.testCases.TC_004_HomePage</td><td><a href="#m2">homePage</a></td><td rowspan="1">1674922782788</td><td rowspan="1">102146</td></tr><tr class="failedodd"><td rowspan="1">com.framework.testCases.TC_005_DD_All_Search</td><td><a href="#m3">dd_With_Search</a></td><td rowspan="1">1674922888849</td><td rowspan="1">74067</td></tr><tr class="failedeven"><td rowspan="1">com.framework.testCases.TC_006_MenuInHomePage</td><td><a href="#m4">MenuCheckInHomePage</a></td><td rowspan="1">1674922966901</td><td rowspan="1">92615</td></tr><tr class="failedodd"><td rowspan="1">com.framework.testCases.TC_007_SearchProduct_AddtoCart</td><td><a href="#m5">searchProduct_AddtoCart</a></td><td rowspan="1">1674923061527</td><td rowspan="1">70707</td></tr><tr><th colspan="4">Test &#8212; passed</th></tr><tr class="passedeven"><td rowspan="1">com.framework.testCases.TC_001_AmazonLogin</td><td><a href="#m6">amazonLogIn</a></td><td rowspan="1">1674922606990</td><td rowspan="1">13301</td></tr></tbody>
</table>
<h2>Test</h2><h3 id="m0">com.framework.testCases.TC_002_SearchProduct#searchProduct</h3><table class="result"><tr><th>Exception</th></tr><tr><td><div class="stacktrace">org.openqa.selenium.TimeoutException: Supplied function might have stalled
Build info: version: &apos;4.0.0-alpha-7&apos;, revision: &apos;de8579b6d5&apos;
System info: host: &apos;THANVISHRAM&apos;, ip: &apos;192.168.0.2&apos;, os.name: &apos;Windows 11&apos;, os.arch: &apos;amd64&apos;, os.version: &apos;10.0&apos;, java.version: &apos;11.0.15.1&apos;
Driver info: driver.version: unknown
	at org.openqa.selenium.support.ui.FluentWait.until(FluentWait.java:221)
	at com.framework.webUtilities.WebActions.waitForVisibility(WebActions.java:192)
	at com.framework.webUtilities.WebActions.sendKeys(WebActions.java:58)
	at com.framework.pages.SearchPage.searchProduct(SearchPage.java:28)
	at com.framework.testCases.TC_002_SearchProduct.searchProduct(TC_002_SearchProduct.java:21)
	at java.base/java.util.ArrayList.forEach(ArrayList.java:1541)
Caused by: java.util.concurrent.TimeoutException
	at java.base/java.util.concurrent.CompletableFuture.timedGet(CompletableFuture.java:1886)
	at java.base/java.util.concurrent.CompletableFuture.get(CompletableFuture.java:2021)
	at org.openqa.selenium.support.ui.FluentWait.until(FluentWait.java:208)
	... 32 more
... Removed 27 stack frames</div></td></tr></table><p class="totop"><a href="#summary">back to summary</a></p>
<h3 id="m1">com.framework.testCases.TC_003_AllDropdown#check_dropdown_All</h3><table class="result"><tr><th>Exception</th></tr><tr><td><div class="stacktrace">org.openqa.selenium.TimeoutException: Supplied function might have stalled
Build info: version: &apos;4.0.0-alpha-7&apos;, revision: &apos;de8579b6d5&apos;
System info: host: &apos;THANVISHRAM&apos;, ip: &apos;192.168.0.2&apos;, os.name: &apos;Windows 11&apos;, os.arch: &apos;amd64&apos;, os.version: &apos;10.0&apos;, java.version: &apos;11.0.15.1&apos;
Driver info: driver.version: unknown
	at org.openqa.selenium.support.ui.FluentWait.until(FluentWait.java:221)
	at com.framework.webUtilities.WebActions.waitForVisibility(WebActions.java:192)
	at com.framework.webUtilities.WebActions.sendKeysWithKeys(WebActions.java:67)
	at com.framework.pages.SearchPage.dropdownAll(SearchPage.java:57)
	at com.framework.testCases.TC_003_AllDropdown.check_dropdown_All(TC_003_AllDropdown.java:24)
	at java.base/java.util.ArrayList.forEach(ArrayList.java:1541)
Caused by: java.util.concurrent.TimeoutException
	at java.base/java.util.concurrent.CompletableFuture.timedGet(CompletableFuture.java:1886)
	at java.base/java.util.concurrent.CompletableFuture.get(CompletableFuture.java:2021)
	at org.openqa.selenium.support.ui.FluentWait.until(FluentWait.java:208)
	... 32 more
... Removed 27 stack frames</div></td></tr></table><p class="totop"><a href="#summary">back to summary</a></p>
<h3 id="m2">com.framework.testCases.TC_004_HomePage#homePage</h3><table class="result"><tr><th>Exception</th></tr><tr><td><div class="stacktrace">org.openqa.selenium.TimeoutException: Supplied function might have stalled
Build info: version: &apos;4.0.0-alpha-7&apos;, revision: &apos;de8579b6d5&apos;
System info: host: &apos;THANVISHRAM&apos;, ip: &apos;192.168.0.2&apos;, os.name: &apos;Windows 11&apos;, os.arch: &apos;amd64&apos;, os.version: &apos;10.0&apos;, java.version: &apos;11.0.15.1&apos;
Driver info: driver.version: unknown
	at org.openqa.selenium.support.ui.FluentWait.until(FluentWait.java:221)
	at com.framework.webUtilities.WebActions.waitForVisibility(WebActions.java:192)
	at com.framework.webUtilities.WebActions.click(WebActions.java:49)
	at com.framework.pages.HomePage.homePage(HomePage.java:44)
	at com.framework.testCases.TC_004_HomePage.homePage(TC_004_HomePage.java:19)
	at java.base/java.util.ArrayList.forEach(ArrayList.java:1541)
Caused by: java.util.concurrent.TimeoutException
	at java.base/java.util.concurrent.CompletableFuture.timedGet(CompletableFuture.java:1886)
	at java.base/java.util.concurrent.CompletableFuture.get(CompletableFuture.java:2021)
	at org.openqa.selenium.support.ui.FluentWait.until(FluentWait.java:208)
	... 32 more
... Removed 27 stack frames</div></td></tr></table><p class="totop"><a href="#summary">back to summary</a></p>
<h3 id="m3">com.framework.testCases.TC_005_DD_All_Search#dd_With_Search</h3><table class="result"><tr><th>Exception</th></tr><tr><td><div class="stacktrace">org.openqa.selenium.TimeoutException: Supplied function might have stalled
Build info: version: &apos;4.0.0-alpha-7&apos;, revision: &apos;de8579b6d5&apos;
System info: host: &apos;THANVISHRAM&apos;, ip: &apos;192.168.0.2&apos;, os.name: &apos;Windows 11&apos;, os.arch: &apos;amd64&apos;, os.version: &apos;10.0&apos;, java.version: &apos;11.0.15.1&apos;
Driver info: driver.version: unknown
	at org.openqa.selenium.support.ui.FluentWait.until(FluentWait.java:221)
	at com.framework.webUtilities.WebActions.waitForVisibility(WebActions.java:192)
	at com.framework.webUtilities.WebActions.sendKeysWithKeys(WebActions.java:67)
	at com.framework.pages.SearchPage.ddAll_Search(SearchPage.java:64)
	at com.framework.testCases.TC_005_DD_All_Search.dd_With_Search(TC_005_DD_All_Search.java:18)
	at java.base/java.util.ArrayList.forEach(ArrayList.java:1541)
Caused by: java.util.concurrent.TimeoutException
	at java.base/java.util.concurrent.CompletableFuture.timedGet(CompletableFuture.java:1886)
	at java.base/java.util.concurrent.CompletableFuture.get(CompletableFuture.java:2021)
	at org.openqa.selenium.support.ui.FluentWait.until(FluentWait.java:208)
	... 32 more
... Removed 27 stack frames</div></td></tr></table><p class="totop"><a href="#summary">back to summary</a></p>
<h3 id="m4">com.framework.testCases.TC_006_MenuInHomePage#MenuCheckInHomePage</h3><table class="result"><tr><th>Exception</th></tr><tr><td><div class="stacktrace">org.openqa.selenium.TimeoutException: Supplied function might have stalled
Build info: version: &apos;4.0.0-alpha-7&apos;, revision: &apos;de8579b6d5&apos;
System info: host: &apos;THANVISHRAM&apos;, ip: &apos;192.168.0.2&apos;, os.name: &apos;Windows 11&apos;, os.arch: &apos;amd64&apos;, os.version: &apos;10.0&apos;, java.version: &apos;11.0.15.1&apos;
Driver info: driver.version: unknown
	at org.openqa.selenium.support.ui.FluentWait.until(FluentWait.java:221)
	at com.framework.webUtilities.WebActions.waitForVisibility(WebActions.java:192)
	at com.framework.webUtilities.WebActions.click(WebActions.java:49)
	at com.framework.pages.MenuInHomePage.menuCheck(MenuInHomePage.java:35)
	at com.framework.testCases.TC_006_MenuInHomePage.MenuCheckInHomePage(TC_006_MenuInHomePage.java:18)
	at java.base/java.util.ArrayList.forEach(ArrayList.java:1541)
Caused by: java.util.concurrent.TimeoutException
	at java.base/java.util.concurrent.CompletableFuture.timedGet(CompletableFuture.java:1886)
	at java.base/java.util.concurrent.CompletableFuture.get(CompletableFuture.java:2021)
	at org.openqa.selenium.support.ui.FluentWait.until(FluentWait.java:208)
	... 32 more
... Removed 27 stack frames</div></td></tr></table><p class="totop"><a href="#summary">back to summary</a></p>
<h3 id="m5">com.framework.testCases.TC_007_SearchProduct_AddtoCart#searchProduct_AddtoCart</h3><table class="result"><tr><th>Exception</th></tr><tr><td><div class="stacktrace">org.openqa.selenium.TimeoutException: Supplied function might have stalled
Build info: version: &apos;4.0.0-alpha-7&apos;, revision: &apos;de8579b6d5&apos;
System info: host: &apos;THANVISHRAM&apos;, ip: &apos;192.168.0.2&apos;, os.name: &apos;Windows 11&apos;, os.arch: &apos;amd64&apos;, os.version: &apos;10.0&apos;, java.version: &apos;11.0.15.1&apos;
Driver info: driver.version: unknown
	at org.openqa.selenium.support.ui.FluentWait.until(FluentWait.java:221)
	at com.framework.webUtilities.WebActions.waitForVisibility(WebActions.java:192)
	at com.framework.webUtilities.WebActions.sendKeys(WebActions.java:58)
	at com.framework.pages.SearchPage.searchProduct_AddtoCart(SearchPage.java:41)
	at com.framework.testCases.TC_007_SearchProduct_AddtoCart.searchProduct_AddtoCart(TC_007_SearchProduct_AddtoCart.java:18)
	at java.base/java.util.ArrayList.forEach(ArrayList.java:1541)
Caused by: java.util.concurrent.TimeoutException
	at java.base/java.util.concurrent.CompletableFuture.timedGet(CompletableFuture.java:1886)
	at java.base/java.util.concurrent.CompletableFuture.get(CompletableFuture.java:2021)
	at org.openqa.selenium.support.ui.FluentWait.until(FluentWait.java:208)
	... 32 more
... Removed 27 stack frames</div></td></tr></table><p class="totop"><a href="#summary">back to summary</a></p>
<h3 id="m6">com.framework.testCases.TC_001_AmazonLogin#amazonLogIn</h3><table class="result"><tr><th class="invisible"/></tr></table><p class="totop"><a href="#summary">back to summary</a></p>
</body>
</html>
